<?xml version="1.0" encoding="UTF-8"?>
<!-- Generated by org.testng.reporters.JUnitXMLReporter -->
<testsuite ignored="10" hostname="LTIN235062" failures="1" tests="1" name="Test(failed)" time="9.701" errors="0" timestamp="2024-06-04T21:56:45 IST">
  <testcase classname="Outreach.OutreachMain" name="oneCognizant" time="0.092">
    <failure type="java.lang.IndexOutOfBoundsException" message="Index 1 out of bounds for length 1">
      <![CDATA[java.lang.IndexOutOfBoundsException: Index 1 out of bounds for length 1
at java.base/jdk.internal.util.Preconditions.outOfBounds(Preconditions.java:64)
at java.base/jdk.internal.util.Preconditions.outOfBoundsCheckIndex(Preconditions.java:70)
at java.base/jdk.internal.util.Preconditions.checkIndex(Preconditions.java:266)
at java.base/java.util.Objects.checkIndex(Objects.java:359)
at java.base/java.util.ArrayList.get(ArrayList.java:427)
at Outreach.PomBeCognizant.getWindows(PomBeCognizant.java:71)
at Outreach.OutreachMain.oneCognizant(OutreachMain.java:50)
at java.base/java.util.ArrayList.forEach(ArrayList.java:1511)
... Removed 27 stack frames]]>
    </failure>
  </testcase> <!-- oneCognizant -->
  <testcase classname="Outreach.OutreachMain" name="serachFilterButton" time="0.0">
    <ignored/>
  </testcase> <!-- serachFilterButton -->
  <testcase classname="Outreach.OutreachMain" name="interstCardList" time="0.0">
    <ignored/>
  </testcase> <!-- interstCardList -->
  <testcase classname="Outreach.OutreachMain" name="menu" time="0.0">
    <ignored/>
  </testcase> <!-- menu -->
  <testcase classname="Outreach.OutreachMain" name="displaySearchResults" time="0.0">
    <ignored/>
  </testcase> <!-- displaySearchResults -->
  <testcase classname="Outreach.OutreachMain" name="fromDate" time="0.0">
    <ignored/>
  </testcase> <!-- fromDate -->
  <testcase classname="Outreach.OutreachMain" name="toDate" time="0.0">
    <ignored/>
  </testcase> <!-- toDate -->
  <testcase classname="Outreach.OutreachMain" name="vlounteerOption" time="0.0">
    <ignored/>
  </testcase> <!-- vlounteerOption -->
  <testcase classname="Outreach.OutreachMain" name="filterSearchButton" time="0.0">
    <ignored/>
  </testcase> <!-- filterSearchButton -->
  <testcase classname="Outreach.OutreachMain" name="submenu" time="0.0">
    <ignored/>
  </testcase> <!-- submenu -->
  <testcase classname="Outreach.OutreachMain" name="beCognizant" time="0.0">
    <ignored/>
  </testcase> <!-- beCognizant -->
</testsuite> <!-- Test(failed) -->
