<?xml version="1.0" encoding="UTF-8"?>
<!-- Generated by org.testng.reporters.JUnitXMLReporter -->
<testsuite ignored="0" hostname="LTIN235062" failures="1" tests="11" name="Test" time="84.949" errors="0" timestamp="2024-06-04T21:55:57 IST">
  <testcase classname="Outreach.OutreachMain" name="beCognizant" time="22.933"/>
  <testcase classname="Outreach.OutreachMain" name="oneCognizant" time="7.656">
    <failure type="java.lang.AssertionError" message="expected [true] but found [false]">
      <![CDATA[java.lang.AssertionError: expected [true] but found [false]
at Outreach.OutreachMain.oneCognizant(OutreachMain.java:57)
at java.base/java.util.ArrayList.forEach(ArrayList.java:1511)
... Removed 34 stack frames]]>
    </failure>
  </testcase> <!-- oneCognizant -->
  <testcase classname="Outreach.OutreachMain" name="menu" time="0.741"/>
  <testcase classname="Outreach.OutreachMain" name="submenu" time="4.28"/>
  <testcase classname="Outreach.OutreachMain" name="interstCardList" time="0.158"/>
  <testcase classname="Outreach.OutreachMain" name="serachFilterButton" time="3.707"/>
  <testcase classname="Outreach.OutreachMain" name="fromDate" time="0.803"/>
  <testcase classname="Outreach.OutreachMain" name="toDate" time="0.993"/>
  <testcase classname="Outreach.OutreachMain" name="filterSearchButton" time="0.888"/>
  <testcase classname="Outreach.OutreachMain" name="displaySearchResults" time="15.397"/>
  <testcase classname="Outreach.OutreachMain" name="vlounteerOption" time="1.141"/>
</testsuite> <!-- Test -->
