<?xml version="1.0" encoding="UTF-8"?>
<!-- Generated by org.testng.reporters.JUnitXMLReporter -->
<testsuite ignored="0" hostname="LTIN235062" failures="0" tests="8" name="Default test" time="89.2" errors="0" timestamp="2024-06-17T09:20:45 IST">
  <testcase classname="testCases.IdentifyCoursesMain" name="search" time="30.765"/>
  <testcase classname="testCases.IdentifyCoursesMain" name="checkBoxes" time="9.151"/>
  <testcase classname="testCases.IdentifyCoursesMain" name="details" time="0.621"/>
  <testcase classname="testCases.IdentifyCoursesMain" name="languages" time="1.072"/>
  <testcase classname="testCases.IdentifyCoursesMain" name="levels" time="0.175"/>
  <testcase classname="testCases.IdentifyCoursesMain" name="backToHomePage" time="6.327"/>
  <testcase classname="testCases.IdentifyCoursesMain" name="clickOnCampus" time="13.515"/>
  <testcase classname="testCases.IdentifyCoursesMain" name="fromFill" time="6.433"/>
</testsuite> <!-- Default test -->
