<?xml version="1.0" encoding="UTF-8"?>
<!-- Generated by org.testng.reporters.JUnitXMLReporter -->
<testsuite ignored="0" hostname="LTIN235062" failures="0" tests="6" name="chromeTest" time="165.196" errors="0" timestamp="2024-06-13T10:39:46 IST">
  <testcase classname="IdentifyCourses.IdentifyCoursesTest" name="clickSearch" time="86.199"/>
  <testcase classname="IdentifyCourses.IdentifyCoursesTest" name="clickFilter" time="5.959"/>
  <testcase classname="IdentifyCourses.IdentifyCoursesTest" name="courseDetails" time="0.389"/>
  <testcase classname="IdentifyCourses.IdentifyCoursesTest" name="diplayLangAndLevel" time="4.771"/>
  <testcase classname="IdentifyCourses.IdentifyCoursesTest" name="getCampusForm" time="41.519"/>
  <testcase classname="IdentifyCourses.IdentifyCoursesTest" name="fillForm" time="12.715"/>
</testsuite> <!-- chromeTest -->
