<?xml version="1.0" encoding="UTF-8"?>
<!-- Generated by org.testng.reporters.JUnitXMLReporter -->
<testsuite ignored="0" hostname="LTIN235062" failures="0" tests="6" name="edgeTest" time="190.647" errors="0" timestamp="2024-06-13T10:40:11 IST">
  <testcase classname="IdentifyCourses.IdentifyCoursesTest" name="clickSearch" time="44.653"/>
  <testcase classname="IdentifyCourses.IdentifyCoursesTest" name="clickFilter" time="6.109"/>
  <testcase classname="IdentifyCourses.IdentifyCoursesTest" name="courseDetails" time="0.303"/>
  <testcase classname="IdentifyCourses.IdentifyCoursesTest" name="diplayLangAndLevel" time="4.756"/>
  <testcase classname="IdentifyCourses.IdentifyCoursesTest" name="getCampusForm" time="64.191"/>
  <testcase classname="IdentifyCourses.IdentifyCoursesTest" name="fillForm" time="13.041"/>
</testsuite> <!-- edgeTest -->
