<?xml version="1.0" encoding="UTF-8"?>
<testng-results ignored="0" total="12" passed="12" failed="0" skipped="0">
  <reporter-output>
  </reporter-output>
  <suite started-at="2024-06-13T10:37:01 IST" name="Suite" finished-at="2024-06-13T10:40:11 IST" duration-ms="190647">
    <groups>
    </groups>
    <test started-at="2024-06-13T10:37:01 IST" name="chromeTest" finished-at="2024-06-13T10:39:46 IST" duration-ms="165196">
      <class name="IdentifyCourses.IdentifyCoursesTest">
        <test-method is-config="true" signature="setUp(java.lang.String)[pri:0, instance:IdentifyCourses.IdentifyCoursesTest@c0c2f8d]" started-at="2024-06-13T10:37:01 IST" name="setUp" finished-at="2024-06-13T10:37:09 IST" duration-ms="7509" status="PASS">
          <params>
            <param index="0">
              <value>
                <![CDATA[chrome]]>
              </value>
            </param>
          </params>
          <reporter-output>
          </reporter-output>
        </test-method> <!-- setUp -->
        <test-method signature="clickSearch()[pri:1, instance:IdentifyCourses.IdentifyCoursesTest@c0c2f8d]" started-at="2024-06-13T10:37:09 IST" name="clickSearch" finished-at="2024-06-13T10:38:35 IST" duration-ms="86199" status="PASS">
          <reporter-output>
          </reporter-output>
        </test-method> <!-- clickSearch -->
        <test-method signature="clickFilter()[pri:2, instance:IdentifyCourses.IdentifyCoursesTest@c0c2f8d]" started-at="2024-06-13T10:38:35 IST" name="clickFilter" finished-at="2024-06-13T10:38:41 IST" duration-ms="5959" status="PASS">
          <reporter-output>
          </reporter-output>
        </test-method> <!-- clickFilter -->
        <test-method signature="courseDetails()[pri:3, instance:IdentifyCourses.IdentifyCoursesTest@c0c2f8d]" started-at="2024-06-13T10:38:42 IST" name="courseDetails" finished-at="2024-06-13T10:38:42 IST" duration-ms="389" status="PASS">
          <reporter-output>
          </reporter-output>
        </test-method> <!-- courseDetails -->
        <test-method signature="diplayLangAndLevel()[pri:4, instance:IdentifyCourses.IdentifyCoursesTest@c0c2f8d]" started-at="2024-06-13T10:38:43 IST" name="diplayLangAndLevel" finished-at="2024-06-13T10:38:48 IST" duration-ms="4771" status="PASS">
          <reporter-output>
          </reporter-output>
        </test-method> <!-- diplayLangAndLevel -->
        <test-method signature="getCampusForm()[pri:5, instance:IdentifyCourses.IdentifyCoursesTest@c0c2f8d]" started-at="2024-06-13T10:38:48 IST" name="getCampusForm" finished-at="2024-06-13T10:39:29 IST" duration-ms="41519" status="PASS">
          <reporter-output>
          </reporter-output>
        </test-method> <!-- getCampusForm -->
        <test-method signature="fillForm(java.lang.String,java.lang.String,java.lang.String,java.lang.String,java.lang.String,java.lang.String,java.lang.String,java.lang.String,java.lang.String,java.lang.String,java.lang.String)[pri:6, instance:IdentifyCourses.IdentifyCoursesTest@c0c2f8d]" started-at="2024-06-13T10:39:30 IST" name="fillForm" data-provider="data" finished-at="2024-06-13T10:39:43 IST" duration-ms="12715" status="PASS">
          <params>
            <param index="0">
              <value>
                <![CDATA[Likith]]>
              </value>
            </param>
            <param index="1">
              <value>
                <![CDATA[Shetty]]>
              </value>
            </param>
            <param index="2">
              <value>
                <![CDATA[abc@gma]]>
              </value>
            </param>
            <param index="3">
              <value>
                <![CDATA[7715081177]]>
              </value>
            </param>
            <param index="4">
              <value>
                <![CDATA[University/4 Year College]]>
              </value>
            </param>
            <param index="5">
              <value>
                <![CDATA[Sakec]]>
              </value>
            </param>
            <param index="6">
              <value>
                <![CDATA[Student]]>
              </value>
            </param>
            <param index="7">
              <value>
                <![CDATA[Student Affairs]]>
              </value>
            </param>
            <param index="8">
              <value>
                <![CDATA[Courses for myself]]>
              </value>
            </param>
            <param index="9">
              <value>
                <![CDATA[India]]>
              </value>
            </param>
            <param index="10">
              <value>
                <![CDATA[Maharashtra]]>
              </value>
            </param>
          </params>
          <reporter-output>
          </reporter-output>
        </test-method> <!-- fillForm -->
        <test-method is-config="true" signature="close()[pri:0, instance:IdentifyCourses.IdentifyCoursesTest@c0c2f8d]" started-at="2024-06-13T10:39:43 IST" name="close" finished-at="2024-06-13T10:39:46 IST" duration-ms="3057" status="PASS">
          <reporter-output>
          </reporter-output>
        </test-method> <!-- close -->
      </class> <!-- IdentifyCourses.IdentifyCoursesTest -->
    </test> <!-- chromeTest -->
    <test started-at="2024-06-13T10:37:01 IST" name="edgeTest" finished-at="2024-06-13T10:40:11 IST" duration-ms="190647">
      <class name="IdentifyCourses.IdentifyCoursesTest">
        <test-method is-config="true" signature="setUp(java.lang.String)[pri:0, instance:IdentifyCourses.IdentifyCoursesTest@9d5509a]" started-at="2024-06-13T10:37:01 IST" name="setUp" finished-at="2024-06-13T10:37:52 IST" duration-ms="50734" status="PASS">
          <params>
            <param index="0">
              <value>
                <![CDATA[edge]]>
              </value>
            </param>
          </params>
          <reporter-output>
          </reporter-output>
        </test-method> <!-- setUp -->
        <test-method signature="clickSearch()[pri:1, instance:IdentifyCourses.IdentifyCoursesTest@9d5509a]" started-at="2024-06-13T10:37:52 IST" name="clickSearch" finished-at="2024-06-13T10:38:36 IST" duration-ms="44653" status="PASS">
          <reporter-output>
          </reporter-output>
        </test-method> <!-- clickSearch -->
        <test-method signature="clickFilter()[pri:2, instance:IdentifyCourses.IdentifyCoursesTest@9d5509a]" started-at="2024-06-13T10:38:37 IST" name="clickFilter" finished-at="2024-06-13T10:38:43 IST" duration-ms="6109" status="PASS">
          <reporter-output>
          </reporter-output>
        </test-method> <!-- clickFilter -->
        <test-method signature="courseDetails()[pri:3, instance:IdentifyCourses.IdentifyCoursesTest@9d5509a]" started-at="2024-06-13T10:38:43 IST" name="courseDetails" finished-at="2024-06-13T10:38:44 IST" duration-ms="303" status="PASS">
          <reporter-output>
          </reporter-output>
        </test-method> <!-- courseDetails -->
        <test-method signature="diplayLangAndLevel()[pri:4, instance:IdentifyCourses.IdentifyCoursesTest@9d5509a]" started-at="2024-06-13T10:38:44 IST" name="diplayLangAndLevel" finished-at="2024-06-13T10:38:49 IST" duration-ms="4756" status="PASS">
          <reporter-output>
          </reporter-output>
        </test-method> <!-- diplayLangAndLevel -->
        <test-method signature="getCampusForm()[pri:5, instance:IdentifyCourses.IdentifyCoursesTest@9d5509a]" started-at="2024-06-13T10:38:49 IST" name="getCampusForm" finished-at="2024-06-13T10:39:53 IST" duration-ms="64191" status="PASS">
          <reporter-output>
          </reporter-output>
        </test-method> <!-- getCampusForm -->
        <test-method signature="fillForm(java.lang.String,java.lang.String,java.lang.String,java.lang.String,java.lang.String,java.lang.String,java.lang.String,java.lang.String,java.lang.String,java.lang.String,java.lang.String)[pri:6, instance:IdentifyCourses.IdentifyCoursesTest@9d5509a]" started-at="2024-06-13T10:39:53 IST" name="fillForm" data-provider="data" finished-at="2024-06-13T10:40:06 IST" duration-ms="13041" status="PASS">
          <params>
            <param index="0">
              <value>
                <![CDATA[Likith]]>
              </value>
            </param>
            <param index="1">
              <value>
                <![CDATA[Shetty]]>
              </value>
            </param>
            <param index="2">
              <value>
                <![CDATA[abc@gma]]>
              </value>
            </param>
            <param index="3">
              <value>
                <![CDATA[7715081177]]>
              </value>
            </param>
            <param index="4">
              <value>
                <![CDATA[University/4 Year College]]>
              </value>
            </param>
            <param index="5">
              <value>
                <![CDATA[Sakec]]>
              </value>
            </param>
            <param index="6">
              <value>
                <![CDATA[Student]]>
              </value>
            </param>
            <param index="7">
              <value>
                <![CDATA[Student Affairs]]>
              </value>
            </param>
            <param index="8">
              <value>
                <![CDATA[Courses for myself]]>
              </value>
            </param>
            <param index="9">
              <value>
                <![CDATA[India]]>
              </value>
            </param>
            <param index="10">
              <value>
                <![CDATA[Maharashtra]]>
              </value>
            </param>
          </params>
          <reporter-output>
          </reporter-output>
        </test-method> <!-- fillForm -->
        <test-method is-config="true" signature="close()[pri:0, instance:IdentifyCourses.IdentifyCoursesTest@9d5509a]" started-at="2024-06-13T10:40:07 IST" name="close" finished-at="2024-06-13T10:40:11 IST" duration-ms="4804" status="PASS">
          <reporter-output>
          </reporter-output>
        </test-method> <!-- close -->
      </class> <!-- IdentifyCourses.IdentifyCoursesTest -->
    </test> <!-- edgeTest -->
  </suite> <!-- Suite -->
</testng-results>
