<?xml version="1.0" encoding="UTF-8"?>
<testng-results ignored="0" total="8" passed="8" failed="0" skipped="0">
  <reporter-output>
  </reporter-output>
  <suite started-at="2024-06-19T14:42:12 IST" name="Suite" finished-at="2024-06-19T14:43:06 IST" duration-ms="54209">
    <groups>
    </groups>
    <test started-at="2024-06-19T14:42:12 IST" name="Test" finished-at="2024-06-19T14:43:06 IST" duration-ms="54209">
      <class name="testCases.IdentifyCoursesMain">
        <test-method is-config="true" signature="setup()[pri:0, instance:testCases.IdentifyCoursesMain@292b08d6]" started-at="2024-06-19T14:42:12 IST" name="setup" finished-at="2024-06-19T14:42:22 IST" duration-ms="9563" status="PASS">
          <reporter-output>
          </reporter-output>
        </test-method> <!-- setup -->
        <test-method signature="search()[pri:1, instance:testCases.IdentifyCoursesMain@292b08d6]" started-at="2024-06-19T14:42:22 IST" name="search" finished-at="2024-06-19T14:42:31 IST" duration-ms="9120" status="PASS">
          <reporter-output>
          </reporter-output>
        </test-method> <!-- search -->
        <test-method signature="checkBoxes()[pri:2, instance:testCases.IdentifyCoursesMain@292b08d6]" started-at="2024-06-19T14:42:31 IST" name="checkBoxes" finished-at="2024-06-19T14:42:39 IST" duration-ms="7400" status="PASS">
          <reporter-output>
          </reporter-output>
        </test-method> <!-- checkBoxes -->
        <test-method signature="details()[pri:3, instance:testCases.IdentifyCoursesMain@292b08d6]" started-at="2024-06-19T14:42:39 IST" name="details" finished-at="2024-06-19T14:42:39 IST" duration-ms="163" status="PASS">
          <reporter-output>
          </reporter-output>
        </test-method> <!-- details -->
        <test-method signature="languages()[pri:4, instance:testCases.IdentifyCoursesMain@292b08d6]" started-at="2024-06-19T14:42:39 IST" name="languages" finished-at="2024-06-19T14:42:40 IST" duration-ms="443" status="PASS">
          <reporter-output>
          </reporter-output>
        </test-method> <!-- languages -->
        <test-method signature="levels()[pri:5, instance:testCases.IdentifyCoursesMain@292b08d6]" started-at="2024-06-19T14:42:40 IST" name="levels" finished-at="2024-06-19T14:42:40 IST" duration-ms="88" status="PASS">
          <reporter-output>
          </reporter-output>
        </test-method> <!-- levels -->
        <test-method signature="backToHomePage()[pri:6, instance:testCases.IdentifyCoursesMain@292b08d6]" started-at="2024-06-19T14:42:40 IST" name="backToHomePage" finished-at="2024-06-19T14:42:45 IST" duration-ms="4982" status="PASS">
          <reporter-output>
          </reporter-output>
        </test-method> <!-- backToHomePage -->
        <test-method signature="clickOnCampus()[pri:7, instance:testCases.IdentifyCoursesMain@292b08d6]" started-at="2024-06-19T14:42:45 IST" name="clickOnCampus" finished-at="2024-06-19T14:42:57 IST" duration-ms="11107" status="PASS">
          <reporter-output>
          </reporter-output>
        </test-method> <!-- clickOnCampus -->
        <test-method signature="fromFill(java.lang.String,java.lang.String,java.lang.String,java.lang.String,java.lang.String,java.lang.String,java.lang.String,java.lang.String,java.lang.String,java.lang.String,java.lang.String)[pri:8, instance:testCases.IdentifyCoursesMain@292b08d6]" started-at="2024-06-19T14:42:57 IST" name="fromFill" data-provider="dp" finished-at="2024-06-19T14:43:02 IST" duration-ms="4972" status="PASS">
          <params>
            <param index="0">
              <value>
                <![CDATA[Saheli]]>
              </value>
            </param>
            <param index="1">
              <value>
                <![CDATA[Pal]]>
              </value>
            </param>
            <param index="2">
              <value>
                <![CDATA[abcd]]>
              </value>
            </param>
            <param index="3">
              <value>
                <![CDATA[7384371636]]>
              </value>
            </param>
            <param index="4">
              <value>
                <![CDATA[University/4 Year College]]>
              </value>
            </param>
            <param index="5">
              <value>
                <![CDATA[UEM]]>
              </value>
            </param>
            <param index="6">
              <value>
                <![CDATA[President/Provost]]>
              </value>
            </param>
            <param index="7">
              <value>
                <![CDATA[Academic Affairs]]>
              </value>
            </param>
            <param index="8">
              <value>
                <![CDATA[Get in touch with sales]]>
              </value>
            </param>
            <param index="9">
              <value>
                <![CDATA[United States]]>
              </value>
            </param>
            <param index="10">
              <value>
                <![CDATA[AK]]>
              </value>
            </param>
          </params>
          <reporter-output>
          </reporter-output>
        </test-method> <!-- fromFill -->
        <test-method is-config="true" signature="tearDown()[pri:0, instance:testCases.IdentifyCoursesMain@292b08d6]" started-at="2024-06-19T14:43:02 IST" name="tearDown" finished-at="2024-06-19T14:43:06 IST" duration-ms="4318" status="PASS">
          <reporter-output>
          </reporter-output>
        </test-method> <!-- tearDown -->
      </class> <!-- testCases.IdentifyCoursesMain -->
    </test> <!-- Test -->
  </suite> <!-- Suite -->
</testng-results>
