<?xml version="1.0" encoding="UTF-8"?>
<!-- Generated by org.testng.reporters.JUnitXMLReporter -->
<testsuite ignored="0" hostname="LTIN235062" failures="0" tests="8" name="myTest1" time="72.897" errors="0" timestamp="2024-06-17T09:18:01 IST">
  <testcase classname="testCases.IdentifyCoursesMain" name="search" time="11.93"/>
  <testcase classname="testCases.IdentifyCoursesMain" name="checkBoxes" time="8.33"/>
  <testcase classname="testCases.IdentifyCoursesMain" name="details" time="0.459"/>
  <testcase classname="testCases.IdentifyCoursesMain" name="languages" time="1.372"/>
  <testcase classname="testCases.IdentifyCoursesMain" name="levels" time="0.47"/>
  <testcase classname="testCases.IdentifyCoursesMain" name="backToHomePage" time="5.99"/>
  <testcase classname="testCases.IdentifyCoursesMain" name="clickOnCampus" time="13.772"/>
  <testcase classname="testCases.IdentifyCoursesMain" name="fromFill" time="7.316"/>
</testsuite> <!-- myTest1 -->
